<?xml version="1.0" encoding="UTF-8"?>
<!-- Generated by org.testng.reporters.JUnitReportReporter -->
<testsuite hostname="LAPTOP-86GSSEA6" failures="0" tests="1" name="Questions.Q9" time="2.036" errors="0" timestamp="2025-08-26T10:49:34 IST" skipped="0">
  <testcase classname="Questions.Q9" name="takeScreenshot" time="2.036"/>
</testsuite> <!-- Questions.Q9 -->
