<?xml version="1.0" encoding="UTF-8"?>
<!-- Generated by org.testng.reporters.JUnitReportReporter -->
<testsuite hostname="LAPTOP-86GSSEA6" failures="0" tests="3" name="pac1.TC0012_TestNG2_pagefactory" time="42.931" errors="0" timestamp="2025-08-20T16:27:57 IST" skipped="0">
  <testcase classname="pac1.TC0012_TestNG2_pagefactory" name="f" time="16.544"/>
  <testcase classname="pac1.TC0012_TestNG2_pagefactory" name="f" time="10.941"/>
  <testcase classname="pac1.TC0012_TestNG2_pagefactory" name="f" time="15.446"/>
</testsuite> <!-- pac1.TC0012_TestNG2_pagefactory -->
