<?xml version="1.0" encoding="UTF-8"?>
<!-- Generated by org.testng.reporters.JUnitReportReporter -->
<testsuite hostname="LAPTOP-86GSSEA6" failures="0" tests="1" name="pac1.TC0013" time="4.349" errors="0" timestamp="2025-08-19T11:48:15 IST" skipped="0">
  <testcase classname="pac1.TC0013" name="test1" time="4.349"/>
</testsuite> <!-- pac1.TC0013 -->
