<?xml version="1.0" encoding="UTF-8"?>
<!-- Generated by org.testng.reporters.JUnitReportReporter -->
<testsuite hostname="LAPTOP-86GSSEA6" failures="0" tests="1" name="Questions.Q7" time="4.655" errors="0" timestamp="2025-08-26T10:46:51 IST" skipped="0">
  <testcase classname="Questions.Q7" name="extractTableData" time="4.655"/>
</testsuite> <!-- Questions.Q7 -->
