<?xml version="1.0" encoding="UTF-8"?>
<!-- Generated by org.testng.reporters.JUnitReportReporter -->
<testsuite hostname="LAPTOP-86GSSEA6" failures="0" tests="2" name="pac1.TC0012_TestNG" time="20.817" errors="0" timestamp="2025-08-20T09:35:07 IST" skipped="0">
  <testcase classname="pac1.TC0012_TestNG" name="f" time="12.708"/>
  <testcase classname="pac1.TC0012_TestNG" name="f" time="8.109"/>
</testsuite> <!-- pac1.TC0012_TestNG -->
