<?xml version="1.0" encoding="UTF-8"?>
<!-- Generated by org.testng.reporters.JUnitReportReporter -->
<testsuite hostname="LAPTOP-86GSSEA6" failures="0" tests="2" name="pac1.Lab14_Selenium" time="19.522" errors="0" timestamp="2025-08-21T15:12:59 IST" skipped="0">
  <testcase classname="pac1.Lab14_Selenium" name="f" time="11.743"/>
  <testcase classname="pac1.Lab14_Selenium" name="f" time="7.779"/>
</testsuite> <!-- pac1.Lab14_Selenium -->
