<?xml version="1.0" encoding="UTF-8"?>
<!-- Generated by org.testng.reporters.JUnitReportReporter -->
<testsuite hostname="LAPTOP-86GSSEA6" failures="0" tests="1" name="pac1.Lab11_3_Selenium" time="5.087" errors="0" timestamp="2025-08-21T10:17:35 IST" skipped="0">
  <testcase classname="pac1.Lab11_3_Selenium" name="f" time="5.087"/>
</testsuite> <!-- pac1.Lab11_3_Selenium -->
