<?xml version="1.0" encoding="UTF-8"?>
<!-- Generated by org.testng.reporters.JUnitReportReporter -->
<testsuite hostname="LAPTOP-86GSSEA6" failures="0" tests="1" name="pac1.Lab12_Selenium" time="2.279" errors="0" timestamp="2025-08-21T16:52:55 IST" skipped="0">
  <testcase classname="pac1.Lab12_Selenium" name="lab12Flow" time="2.279">
    <system-out>
      <![CDATA[Page title verified: Your Store
Mac heading verified successfully
Search with Monitors completed successfully]]>
    </system-out>
  </testcase> <!-- lab12Flow -->
  <system-out>
    <![CDATA[Page title verified: Your Store
Mac heading verified successfully
Search with Monitors completed successfully]]>
  </system-out>
</testsuite> <!-- pac1.Lab12_Selenium -->
