<?xml version="1.0" encoding="UTF-8"?>
<!-- Generated by org.testng.reporters.JUnitReportReporter -->
<testsuite hostname="LAPTOP-86GSSEA6" failures="0" tests="2" name="pac1.Lab16" time="22.107" errors="0" timestamp="2025-08-22T16:43:47 IST" skipped="0">
  <testcase classname="pac1.Lab16" name="f" time="8.629"/>
  <testcase classname="pac1.Lab16" name="f" time="13.478"/>
</testsuite> <!-- pac1.Lab16 -->
