<?xml version="1.0" encoding="UTF-8"?>
<!-- Generated by org.testng.reporters.JUnitReportReporter -->
<testsuite hostname="LAPTOP-86GSSEA6" failures="0" tests="1" name="Questions.Q3" time="12.239" errors="0" timestamp="2025-08-29T14:36:10 IST" skipped="0">
  <testcase classname="Questions.Q3" name="f" time="12.239"/>
</testsuite> <!-- Questions.Q3 -->
