<?xml version="1.0" encoding="UTF-8"?>
<!-- Generated by org.testng.reporters.JUnitReportReporter -->
<testsuite hostname="LAPTOP-86GSSEA6" failures="0" tests="1" name="Questions.Q6" time="4.950" errors="0" timestamp="2025-08-26T10:45:51 IST" skipped="0">
  <testcase classname="Questions.Q6" name="selectCheckboxes" time="4.950"/>
</testsuite> <!-- Questions.Q6 -->
