<?xml version="1.0" encoding="UTF-8"?>
<!-- Generated by org.testng.reporters.JUnitReportReporter -->
<testsuite hostname="LAPTOP-86GSSEA6" failures="0" tests="1" name="pac1.jenkinstest" time="8.073" errors="0" timestamp="2025-08-29T13:48:31 IST" skipped="0">
  <testcase classname="pac1.jenkinstest" name="f" time="8.073"/>
</testsuite> <!-- pac1.jenkinstest -->
