<?xml version="1.0" encoding="UTF-8"?>
<!-- Generated by org.testng.reporters.JUnitReportReporter -->
<testsuite hostname="LAPTOP-86GSSEA6" failures="0" tests="2" name="pac1.Lab8_3_Selenium" time="14.915" errors="0" timestamp="2025-08-19T14:42:33 IST" skipped="0">
  <testcase classname="pac1.Lab8_3_Selenium" name="f" time="7.305"/>
  <testcase classname="pac1.Lab8_3_Selenium" name="f" time="7.610"/>
</testsuite> <!-- pac1.Lab8_3_Selenium -->
