<?xml version="1.0" encoding="UTF-8"?>
<!-- Generated by org.testng.reporters.JUnitReportReporter -->
<testsuite hostname="LAPTOP-86GSSEA6" failures="0" tests="1" name="Questions.Q2" time="6.536" errors="0" timestamp="2025-08-29T14:36:10 IST" skipped="0">
  <testcase classname="Questions.Q2" name="loginTest" time="6.536"/>
</testsuite> <!-- Questions.Q2 -->
