<?xml version="1.0" encoding="UTF-8"?>
<!-- Generated by org.testng.reporters.JUnitReportReporter -->
<testsuite hostname="LAPTOP-86GSSEA6" failures="0" tests="1" name="pac1.Lab11_4_Selenium" time="9.109" errors="0" timestamp="2025-08-21T10:15:51 IST" skipped="0">
  <testcase classname="pac1.Lab11_4_Selenium" name="f" time="9.109"/>
</testsuite> <!-- pac1.Lab11_4_Selenium -->
