<?xml version="1.0" encoding="UTF-8"?>
<!-- Generated by org.testng.reporters.JUnitReportReporter -->
<testsuite hostname="LAPTOP-86GSSEA6" failures="0" tests="3" name="pac1.Lab15" time="27.298" errors="0" timestamp="2025-08-22T09:34:54 IST" skipped="0">
  <testcase classname="pac1.Lab15" name="f" time="8.140"/>
  <testcase classname="pac1.Lab15" name="f" time="10.090"/>
  <testcase classname="pac1.Lab15" name="f" time="9.068"/>
</testsuite> <!-- pac1.Lab15 -->
