<?xml version="1.0" encoding="UTF-8"?>
<!-- Generated by org.testng.reporters.JUnitReportReporter -->
<testsuite hostname="LAPTOP-86GSSEA6" failures="0" tests="2" name="pac1.Lab15_Selenium" time="20.650" errors="0" timestamp="2025-08-22T14:16:35 IST" skipped="0">
  <testcase classname="pac1.Lab15_Selenium" name="f" time="8.597"/>
  <testcase classname="pac1.Lab15_Selenium" name="f" time="12.053"/>
</testsuite> <!-- pac1.Lab15_Selenium -->
