<?xml version="1.0" encoding="UTF-8"?>
<!-- Generated by org.testng.reporters.JUnitReportReporter -->
<testsuite hostname="LAPTOP-86GSSEA6" failures="0" tests="3" name="pac1.TC0014" time="56.690" errors="0" timestamp="2025-08-19T09:57:04 IST" skipped="0">
  <testcase classname="pac1.TC0014" name="test2" time="25.352"/>
  <testcase classname="pac1.TC0014" name="test2" time="26.030"/>
  <testcase classname="pac1.TC0014" name="test2" time="5.308"/>
</testsuite> <!-- pac1.TC0014 -->
