<?xml version="1.0" encoding="UTF-8"?>
<!-- Generated by org.testng.reporters.JUnitReportReporter -->
<testsuite hostname="LAPTOP-86GSSEA6" failures="0" tests="3" name="com.orangehrm.tests.LoginOrangeHRM" time="23.858" errors="0" timestamp="2025-08-23T18:16:09 IST" skipped="0">
  <testcase classname="com.orangehrm.tests.LoginOrangeHRM" name="verifyLogin" time="6.363"/>
  <testcase classname="com.orangehrm.tests.LoginOrangeHRM" name="verifyLogin" time="9.489"/>
  <testcase classname="com.orangehrm.tests.LoginOrangeHRM" name="verifyLogin" time="8.006"/>
</testsuite> <!-- com.orangehrm.tests.LoginOrangeHRM -->
