<?xml version="1.0" encoding="UTF-8"?>
<!-- Generated by org.testng.reporters.JUnitReportReporter -->
<testsuite hostname="LAPTOP-86GSSEA6" failures="0" tests="1" name="Questions.Q2" time="7.128" errors="0" timestamp="2025-08-26T10:07:32 IST" skipped="0">
  <testcase classname="Questions.Q2" name="loginTest" time="7.128"/>
</testsuite> <!-- Questions.Q2 -->
