<?xml version="1.0" encoding="UTF-8"?>
<!-- Generated by org.testng.reporters.JUnitReportReporter -->
<testsuite hostname="LAPTOP-86GSSEA6" failures="0" tests="2" name="pac1.Lab16_Selenium" time="12.186" errors="0" timestamp="2025-08-22T18:08:16 IST" skipped="0">
  <testcase classname="pac1.Lab16_Selenium" name="f" time="5.022"/>
  <testcase classname="pac1.Lab16_Selenium" name="f" time="7.164"/>
</testsuite> <!-- pac1.Lab16_Selenium -->
