<?xml version="1.0" encoding="UTF-8"?>
<!-- Generated by org.testng.reporters.JUnitReportReporter -->
<testsuite hostname="LAPTOP-86GSSEA6" failures="0" tests="1" name="Questions.Q4" time="6.122" errors="0" timestamp="2025-08-26T10:43:29 IST" skipped="0">
  <testcase classname="Questions.Q4" name="selectOption" time="6.122"/>
</testsuite> <!-- Questions.Q4 -->
