<?xml version="1.0" encoding="UTF-8"?>
<!-- Generated by org.testng.reporters.JUnitReportReporter -->
<testsuite hostname="LAPTOP-86GSSEA6" failures="0" tests="2" name="pac1.Lab9_4_Selenium" time="32.153" errors="0" timestamp="2025-08-20T09:32:57 IST" skipped="0">
  <testcase classname="pac1.Lab9_4_Selenium" name="test2" time="16.370"/>
  <testcase classname="pac1.Lab9_4_Selenium" name="test2" time="15.783"/>
</testsuite> <!-- pac1.Lab9_4_Selenium -->
