<?xml version="1.0" encoding="UTF-8"?>
<!-- Generated by org.testng.reporters.JUnitReportReporter -->
<testsuite hostname="LAPTOP-86GSSEA6" failures="0" tests="2" name="pac1.Lab9_3_Selenium" time="27.381" errors="0" timestamp="2025-08-20T09:32:57 IST" skipped="0">
  <testcase classname="pac1.Lab9_3_Selenium" name="test1" time="13.782"/>
  <testcase classname="pac1.Lab9_3_Selenium" name="test1" time="13.599"/>
</testsuite> <!-- pac1.Lab9_3_Selenium -->
