<?xml version="1.0" encoding="UTF-8"?>
<!-- Generated by org.testng.reporters.JUnitReportReporter -->
<testsuite hostname="LAPTOP-86GSSEA6" failures="0" tests="1" name="Questions.Q5" time="4.742" errors="0" timestamp="2025-08-26T10:44:55 IST" skipped="0">
  <testcase classname="Questions.Q5" name="handleAlert" time="4.742"/>
</testsuite> <!-- Questions.Q5 -->
